Build started 04/02/2016 13:45:13.
     1>Project "C:\Users\Gaff_000\Desktop\Year 2 Modules\Game Development 1\Hangman\Hangman\Hangman.vcxproj" on node 2 (Build target(s)).
     1>ClCompile:
         C:\Program Files (x86)\Microsoft Visual Studio 12.0\VC\bin\CL.exe /c /ZI /nologo /W3 /WX- /sdl /Od /Oy- /D _MBCS /Gm /EHsc /RTC1 /MDd /GS /fp:precise /Zc:wchar_t /Zc:forScope /Fo"Debug\\" /Fd"Debug\vc120.pdb" /Gd /TP /analyze- /errorReport:prompt main.cpp
         main.cpp
     1>c:\users\gaff_000\desktop\year 2 modules\game development 1\hangman\hangman\main.cpp(1): warning C4067: unexpected tokens following preprocessor directive - expected a newline
     1>c:\users\gaff_000\desktop\year 2 modules\game development 1\hangman\hangman\main.cpp(2): warning C4067: unexpected tokens following preprocessor directive - expected a newline
     1>c:\users\gaff_000\desktop\year 2 modules\game development 1\hangman\hangman\main.cpp(3): warning C4067: unexpected tokens following preprocessor directive - expected a newline
     1>c:\users\gaff_000\desktop\year 2 modules\game development 1\hangman\hangman\main.cpp(4): warning C4067: unexpected tokens following preprocessor directive - expected a newline
     1>c:\users\gaff_000\desktop\year 2 modules\game development 1\hangman\hangman\main.cpp(5): warning C4067: unexpected tokens following preprocessor directive - expected a newline
     1>c:\users\gaff_000\desktop\year 2 modules\game development 1\hangman\hangman\main.cpp(6): warning C4067: unexpected tokens following preprocessor directive - expected a newline
     1>c:\users\gaff_000\desktop\year 2 modules\game development 1\hangman\hangman\main.cpp(7): warning C4067: unexpected tokens following preprocessor directive - expected a newline
     1>c:\users\gaff_000\desktop\year 2 modules\game development 1\hangman\hangman\main.cpp(8): warning C4067: unexpected tokens following preprocessor directive - expected a newline
     1>c:\users\gaff_000\desktop\year 2 modules\game development 1\hangman\hangman\main.cpp(9): warning C4067: unexpected tokens following preprocessor directive - expected a newline
     1>c:\users\gaff_000\desktop\year 2 modules\game development 1\hangman\hangman\main.cpp(28): warning C4018: '<' : signed/unsigned mismatch
     1>c:\users\gaff_000\desktop\year 2 modules\game development 1\hangman\hangman\main.cpp(40): warning C4018: '<' : signed/unsigned mismatch
     1>c:\users\gaff_000\desktop\year 2 modules\game development 1\hangman\hangman\main.cpp(60): warning C4018: '<' : signed/unsigned mismatch
       Link:
         C:\Program Files (x86)\Microsoft Visual Studio 12.0\VC\bin\link.exe /ERRORREPORT:PROMPT /OUT:"C:\Users\Gaff_000\Desktop\Year 2 Modules\Game Development 1\Hangman\Debug\Hangman.exe" /INCREMENTAL /NOLOGO kernel32.lib user32.lib gdi32.lib winspool.lib comdlg32.lib advapi32.lib shell32.lib ole32.lib oleaut32.lib uuid.lib odbc32.lib odbccp32.lib /MANIFEST /MANIFESTUAC:"level='asInvoker' uiAccess='false'" /manifest:embed /DEBUG /PDB:"C:\Users\Gaff_000\Desktop\Year 2 Modules\Game Development 1\Hangman\Debug\Hangman.pdb" /TLBID:1 /DYNAMICBASE /NXCOMPAT /IMPLIB:"C:\Users\Gaff_000\Desktop\Year 2 Modules\Game Development 1\Hangman\Debug\Hangman.lib" /MACHINE:X86 Debug\main.obj
         Hangman.vcxproj -> C:\Users\Gaff_000\Desktop\Year 2 Modules\Game Development 1\Hangman\Debug\Hangman.exe
     1>Done Building Project "C:\Users\Gaff_000\Desktop\Year 2 Modules\Game Development 1\Hangman\Hangman\Hangman.vcxproj" (Build target(s)).

Build succeeded.

Time Elapsed 00:00:00.89
